Deprecation warning: moment construction falls back to js Date. This is discouraged and will be removed in upcoming major release. Please refer to https://github.com/moment/moment/issues/1407 for more info.
Deprecation warning: moment construction falls back to js Date. This is discouraged and will be removed in upcoming major release. Please refer to https://github.com/moment/moment/issues/1407 for more info.
Deprecation warning: moment construction falls back to js Date. This is discouraged and will be removed in upcoming major release. Please refer to https://github.com/moment/moment/issues/1407 for more info.

Error: Connection lost: The server closed the connection.
    at Protocol.end (/home/ec2-user/OWLSBREW/DASHBOARD_FINAL/node_modules/mysql/lib/protocol/Protocol.js:103:13)
    at Socket.<anonymous> (/home/ec2-user/OWLSBREW/DASHBOARD_FINAL/node_modules/mysql/lib/Connection.js:88:28)
    at Socket.emit (events.js:117:20)
    at _stream_readable.js:943:16
    at process._tickCallback (node.js:419:13)
Deprecation warning: moment construction falls back to js Date. This is discouraged and will be removed in upcoming major release. Please refer to https://github.com/moment/moment/issues/1407 for more info.

Error: Connection lost: The server closed the connection.
    at Protocol.end (/home/ec2-user/OWLSBREW/DASHBOARD_FINAL/node_modules/mysql/lib/protocol/Protocol.js:103:13)
    at Socket.<anonymous> (/home/ec2-user/OWLSBREW/DASHBOARD_FINAL/node_modules/mysql/lib/Connection.js:88:28)
    at Socket.emit (events.js:117:20)
    at _stream_readable.js:943:16
    at process._tickCallback (node.js:419:13)

Error: Connection lost: The server closed the connection.
    at Protocol.end (/home/ec2-user/OWLSBREW/DASHBOARD_FINAL/node_modules/mysql/lib/protocol/Protocol.js:103:13)
    at Socket.<anonymous> (/home/ec2-user/OWLSBREW/DASHBOARD_FINAL/node_modules/mysql/lib/Connection.js:88:28)
    at Socket.emit (events.js:117:20)
    at _stream_readable.js:943:16
    at process._tickCallback (node.js:419:13)
Deprecation warning: moment construction falls back to js Date. This is discouraged and will be removed in upcoming major release. Please refer to https://github.com/moment/moment/issues/1407 for more info.

Error: Connection lost: The server closed the connection.
    at Protocol.end (/home/ec2-user/OWLSBREW/DASHBOARD_FINAL/node_modules/mysql/lib/protocol/Protocol.js:103:13)
    at Socket.<anonymous> (/home/ec2-user/OWLSBREW/DASHBOARD_FINAL/node_modules/mysql/lib/Connection.js:88:28)
    at Socket.emit (events.js:117:20)
    at _stream_readable.js:943:16
    at process._tickCallback (node.js:419:13)

Error: Connection lost: The server closed the connection.
    at Protocol.end (/home/ec2-user/OWLSBREW/DASHBOARD_FINAL/node_modules/mysql/lib/protocol/Protocol.js:103:13)
    at Socket.<anonymous> (/home/ec2-user/OWLSBREW/DASHBOARD_FINAL/node_modules/mysql/lib/Connection.js:88:28)
    at Socket.emit (events.js:117:20)
    at _stream_readable.js:943:16
    at process._tickCallback (node.js:419:13)

Error: Connection lost: The server closed the connection.
    at Protocol.end (/home/ec2-user/OWLSBREW/DASHBOARD_FINAL/node_modules/mysql/lib/protocol/Protocol.js:103:13)
    at Socket.<anonymous> (/home/ec2-user/OWLSBREW/DASHBOARD_FINAL/node_modules/mysql/lib/Connection.js:88:28)
    at Socket.emit (events.js:117:20)
    at _stream_readable.js:943:16
    at process._tickCallback (node.js:419:13)

Error: Connection lost: The server closed the connection.
    at Protocol.end (/home/ec2-user/OWLSBREW/DASHBOARD_FINAL/node_modules/mysql/lib/protocol/Protocol.js:103:13)
    at Socket.<anonymous> (/home/ec2-user/OWLSBREW/DASHBOARD_FINAL/node_modules/mysql/lib/Connection.js:88:28)
    at Socket.emit (events.js:117:20)
    at _stream_readable.js:943:16
    at process._tickCallback (node.js:419:13)

Error: Connection lost: The server closed the connection.
    at Protocol.end (/home/ec2-user/OWLSBREW/DASHBOARD_FINAL/node_modules/mysql/lib/protocol/Protocol.js:103:13)
    at Socket.<anonymous> (/home/ec2-user/OWLSBREW/DASHBOARD_FINAL/node_modules/mysql/lib/Connection.js:88:28)
    at Socket.emit (events.js:117:20)
    at _stream_readable.js:943:16
    at process._tickCallback (node.js:419:13)
Deprecation warning: moment construction falls back to js Date. This is discouraged and will be removed in upcoming major release. Please refer to https://github.com/moment/moment/issues/1407 for more info.

Error: Connection lost: The server closed the connection.
    at Protocol.end (/home/ec2-user/OWLSBREW/DASHBOARD_FINAL/node_modules/mysql/lib/protocol/Protocol.js:103:13)
    at Socket.<anonymous> (/home/ec2-user/OWLSBREW/DASHBOARD_FINAL/node_modules/mysql/lib/Connection.js:88:28)
    at Socket.emit (events.js:117:20)
    at _stream_readable.js:943:16
    at process._tickCallback (node.js:419:13)
Deprecation warning: moment construction falls back to js Date. This is discouraged and will be removed in upcoming major release. Please refer to https://github.com/moment/moment/issues/1407 for more info.

Error: Connection lost: The server closed the connection.
    at Protocol.end (/home/ec2-user/OWLSBREW/DASHBOARD_FINAL/node_modules/mysql/lib/protocol/Protocol.js:103:13)
    at Socket.<anonymous> (/home/ec2-user/OWLSBREW/DASHBOARD_FINAL/node_modules/mysql/lib/Connection.js:88:28)
    at Socket.emit (events.js:117:20)
    at _stream_readable.js:943:16
    at process._tickCallback (node.js:419:13)

Error: Connection lost: The server closed the connection.
    at Protocol.end (/home/ec2-user/OWLSBREW/DASHBOARD_FINAL/node_modules/mysql/lib/protocol/Protocol.js:103:13)
    at Socket.<anonymous> (/home/ec2-user/OWLSBREW/DASHBOARD_FINAL/node_modules/mysql/lib/Connection.js:88:28)
    at Socket.emit (events.js:117:20)
    at _stream_readable.js:943:16
    at process._tickCallback (node.js:419:13)

Error: Connection lost: The server closed the connection.
    at Protocol.end (/home/ec2-user/OWLSBREW/DASHBOARD_FINAL/node_modules/mysql/lib/protocol/Protocol.js:103:13)
    at Socket.<anonymous> (/home/ec2-user/OWLSBREW/DASHBOARD_FINAL/node_modules/mysql/lib/Connection.js:88:28)
    at Socket.emit (events.js:117:20)
    at _stream_readable.js:943:16
    at process._tickCallback (node.js:419:13)

Error: Connection lost: The server closed the connection.
    at Protocol.end (/home/ec2-user/OWLSBREW/DASHBOARD_FINAL/node_modules/mysql/lib/protocol/Protocol.js:103:13)
    at Socket.<anonymous> (/home/ec2-user/OWLSBREW/DASHBOARD_FINAL/node_modules/mysql/lib/Connection.js:88:28)
    at Socket.emit (events.js:117:20)
    at _stream_readable.js:943:16
    at process._tickCallback (node.js:419:13)

Error: Connection lost: The server closed the connection.
    at Protocol.end (/home/ec2-user/OWLSBREW/DASHBOARD_FINAL/node_modules/mysql/lib/protocol/Protocol.js:103:13)
    at Socket.<anonymous> (/home/ec2-user/OWLSBREW/DASHBOARD_FINAL/node_modules/mysql/lib/Connection.js:88:28)
    at Socket.emit (events.js:117:20)
    at _stream_readable.js:943:16
    at process._tickCallback (node.js:419:13)

Error: Connection lost: The server closed the connection.
    at Protocol.end (/home/ec2-user/OWLSBREW/DASHBOARD_FINAL/node_modules/mysql/lib/protocol/Protocol.js:103:13)
    at Socket.<anonymous> (/home/ec2-user/OWLSBREW/DASHBOARD_FINAL/node_modules/mysql/lib/Connection.js:88:28)
    at Socket.emit (events.js:117:20)
    at _stream_readable.js:943:16
    at process._tickCallback (node.js:419:13)

Error: Connection lost: The server closed the connection.
    at Protocol.end (/home/ec2-user/OWLSBREW/DASHBOARD_FINAL/node_modules/mysql/lib/protocol/Protocol.js:103:13)
    at Socket.<anonymous> (/home/ec2-user/OWLSBREW/DASHBOARD_FINAL/node_modules/mysql/lib/Connection.js:88:28)
    at Socket.emit (events.js:117:20)
    at _stream_readable.js:943:16
    at process._tickCallback (node.js:419:13)

Error: Connection lost: The server closed the connection.
    at Protocol.end (/home/ec2-user/OWLSBREW/DASHBOARD_FINAL/node_modules/mysql/lib/protocol/Protocol.js:103:13)
    at Socket.<anonymous> (/home/ec2-user/OWLSBREW/DASHBOARD_FINAL/node_modules/mysql/lib/Connection.js:88:28)
    at Socket.emit (events.js:117:20)
    at _stream_readable.js:943:16
    at process._tickCallback (node.js:419:13)

Error: Connection lost: The server closed the connection.
    at Protocol.end (/home/ec2-user/OWLSBREW/DASHBOARD_FINAL/node_modules/mysql/lib/protocol/Protocol.js:103:13)
    at Socket.<anonymous> (/home/ec2-user/OWLSBREW/DASHBOARD_FINAL/node_modules/mysql/lib/Connection.js:88:28)
    at Socket.emit (events.js:117:20)
    at _stream_readable.js:943:16
    at process._tickCallback (node.js:419:13)

Error: Connection lost: The server closed the connection.
    at Protocol.end (/home/ec2-user/OWLSBREW/DASHBOARD_FINAL/node_modules/mysql/lib/protocol/Protocol.js:103:13)
    at Socket.<anonymous> (/home/ec2-user/OWLSBREW/DASHBOARD_FINAL/node_modules/mysql/lib/Connection.js:88:28)
    at Socket.emit (events.js:117:20)
    at _stream_readable.js:943:16
    at process._tickCallback (node.js:419:13)

Error: Connection lost: The server closed the connection.
    at Protocol.end (/home/ec2-user/OWLSBREW/DASHBOARD_FINAL/node_modules/mysql/lib/protocol/Protocol.js:103:13)
    at Socket.<anonymous> (/home/ec2-user/OWLSBREW/DASHBOARD_FINAL/node_modules/mysql/lib/Connection.js:88:28)
    at Socket.emit (events.js:117:20)
    at _stream_readable.js:943:16
    at process._tickCallback (node.js:419:13)

Error: Connection lost: The server closed the connection.
    at Protocol.end (/home/ec2-user/OWLSBREW/DASHBOARD_FINAL/node_modules/mysql/lib/protocol/Protocol.js:103:13)
    at Socket.<anonymous> (/home/ec2-user/OWLSBREW/DASHBOARD_FINAL/node_modules/mysql/lib/Connection.js:88:28)
    at Socket.emit (events.js:117:20)
    at _stream_readable.js:943:16
    at process._tickCallback (node.js:419:13)

Error: Connection lost: The server closed the connection.
    at Protocol.end (/home/ec2-user/OWLSBREW/DASHBOARD_FINAL/node_modules/mysql/lib/protocol/Protocol.js:103:13)
    at Socket.<anonymous> (/home/ec2-user/OWLSBREW/DASHBOARD_FINAL/node_modules/mysql/lib/Connection.js:88:28)
    at Socket.emit (events.js:117:20)
    at _stream_readable.js:943:16
    at process._tickCallback (node.js:419:13)

Error: Connection lost: The server closed the connection.
    at Protocol.end (/home/ec2-user/OWLSBREW/DASHBOARD_FINAL/node_modules/mysql/lib/protocol/Protocol.js:103:13)
    at Socket.<anonymous> (/home/ec2-user/OWLSBREW/DASHBOARD_FINAL/node_modules/mysql/lib/Connection.js:88:28)
    at Socket.emit (events.js:117:20)
    at _stream_readable.js:943:16
    at process._tickCallback (node.js:419:13)

Error: Connection lost: The server closed the connection.
    at Protocol.end (/home/ec2-user/OWLSBREW/DASHBOARD_FINAL/node_modules/mysql/lib/protocol/Protocol.js:103:13)
    at Socket.<anonymous> (/home/ec2-user/OWLSBREW/DASHBOARD_FINAL/node_modules/mysql/lib/Connection.js:88:28)
    at Socket.emit (events.js:117:20)
    at _stream_readable.js:943:16
    at process._tickCallback (node.js:419:13)

Error: Connection lost: The server closed the connection.
    at Protocol.end (/home/ec2-user/OWLSBREW/DASHBOARD_FINAL/node_modules/mysql/lib/protocol/Protocol.js:103:13)
    at Socket.<anonymous> (/home/ec2-user/OWLSBREW/DASHBOARD_FINAL/node_modules/mysql/lib/Connection.js:88:28)
    at Socket.emit (events.js:117:20)
    at _stream_readable.js:943:16
    at process._tickCallback (node.js:419:13)

Error: Connection lost: The server closed the connection.
    at Protocol.end (/home/ec2-user/OWLSBREW/DASHBOARD_FINAL/node_modules/mysql/lib/protocol/Protocol.js:103:13)
    at Socket.<anonymous> (/home/ec2-user/OWLSBREW/DASHBOARD_FINAL/node_modules/mysql/lib/Connection.js:88:28)
    at Socket.emit (events.js:117:20)
    at _stream_readable.js:943:16
    at process._tickCallback (node.js:419:13)

Error: Connection lost: The server closed the connection.
    at Protocol.end (/home/ec2-user/OWLSBREW/DASHBOARD_FINAL/node_modules/mysql/lib/protocol/Protocol.js:103:13)
    at Socket.<anonymous> (/home/ec2-user/OWLSBREW/DASHBOARD_FINAL/node_modules/mysql/lib/Connection.js:88:28)
    at Socket.emit (events.js:117:20)
    at _stream_readable.js:943:16
    at process._tickCallback (node.js:419:13)

Error: Connection lost: The server closed the connection.
    at Protocol.end (/home/ec2-user/OWLSBREW/DASHBOARD_FINAL/node_modules/mysql/lib/protocol/Protocol.js:103:13)
    at Socket.<anonymous> (/home/ec2-user/OWLSBREW/DASHBOARD_FINAL/node_modules/mysql/lib/Connection.js:88:28)
    at Socket.emit (events.js:117:20)
    at _stream_readable.js:943:16
    at process._tickCallback (node.js:419:13)

Error: Connection lost: The server closed the connection.
    at Protocol.end (/home/ec2-user/OWLSBREW/DASHBOARD_FINAL/node_modules/mysql/lib/protocol/Protocol.js:103:13)
    at Socket.<anonymous> (/home/ec2-user/OWLSBREW/DASHBOARD_FINAL/node_modules/mysql/lib/Connection.js:88:28)
    at Socket.emit (events.js:117:20)
    at _stream_readable.js:943:16
    at process._tickCallback (node.js:419:13)

Error: Connection lost: The server closed the connection.
    at Protocol.end (/home/ec2-user/OWLSBREW/DASHBOARD_FINAL/node_modules/mysql/lib/protocol/Protocol.js:103:13)
    at Socket.<anonymous> (/home/ec2-user/OWLSBREW/DASHBOARD_FINAL/node_modules/mysql/lib/Connection.js:88:28)
    at Socket.emit (events.js:117:20)
    at _stream_readable.js:943:16
    at process._tickCallback (node.js:419:13)

Error: Connection lost: The server closed the connection.
    at Protocol.end (/home/ec2-user/OWLSBREW/DASHBOARD_FINAL/node_modules/mysql/lib/protocol/Protocol.js:103:13)
    at Socket.<anonymous> (/home/ec2-user/OWLSBREW/DASHBOARD_FINAL/node_modules/mysql/lib/Connection.js:88:28)
    at Socket.emit (events.js:117:20)
    at _stream_readable.js:943:16
    at process._tickCallback (node.js:419:13)

Error: Connection lost: The server closed the connection.
    at Protocol.end (/home/ec2-user/OWLSBREW/DASHBOARD_FINAL/node_modules/mysql/lib/protocol/Protocol.js:103:13)
    at Socket.<anonymous> (/home/ec2-user/OWLSBREW/DASHBOARD_FINAL/node_modules/mysql/lib/Connection.js:88:28)
    at Socket.emit (events.js:117:20)
    at _stream_readable.js:943:16
    at process._tickCallback (node.js:419:13)

Error: Connection lost: The server closed the connection.
    at Protocol.end (/home/ec2-user/OWLSBREW/DASHBOARD_FINAL/node_modules/mysql/lib/protocol/Protocol.js:103:13)
    at Socket.<anonymous> (/home/ec2-user/OWLSBREW/DASHBOARD_FINAL/node_modules/mysql/lib/Connection.js:88:28)
    at Socket.emit (events.js:117:20)
    at _stream_readable.js:943:16
    at process._tickCallback (node.js:419:13)

Error: Connection lost: The server closed the connection.
    at Protocol.end (/home/ec2-user/OWLSBREW/DASHBOARD_FINAL/node_modules/mysql/lib/protocol/Protocol.js:103:13)
    at Socket.<anonymous> (/home/ec2-user/OWLSBREW/DASHBOARD_FINAL/node_modules/mysql/lib/Connection.js:88:28)
    at Socket.emit (events.js:117:20)
    at _stream_readable.js:943:16
    at process._tickCallback (node.js:419:13)

Error: Connection lost: The server closed the connection.
    at Protocol.end (/home/ec2-user/OWLSBREW/DASHBOARD_FINAL/node_modules/mysql/lib/protocol/Protocol.js:103:13)
    at Socket.<anonymous> (/home/ec2-user/OWLSBREW/DASHBOARD_FINAL/node_modules/mysql/lib/Connection.js:88:28)
    at Socket.emit (events.js:117:20)
    at _stream_readable.js:943:16
    at process._tickCallback (node.js:419:13)

Error: Connection lost: The server closed the connection.
    at Protocol.end (/home/ec2-user/OWLSBREW/DASHBOARD_FINAL/node_modules/mysql/lib/protocol/Protocol.js:103:13)
    at Socket.<anonymous> (/home/ec2-user/OWLSBREW/DASHBOARD_FINAL/node_modules/mysql/lib/Connection.js:88:28)
    at Socket.emit (events.js:117:20)
    at _stream_readable.js:943:16
    at process._tickCallback (node.js:419:13)

Error: Connection lost: The server closed the connection.
    at Protocol.end (/home/ec2-user/OWLSBREW/DASHBOARD_FINAL/node_modules/mysql/lib/protocol/Protocol.js:103:13)
    at Socket.<anonymous> (/home/ec2-user/OWLSBREW/DASHBOARD_FINAL/node_modules/mysql/lib/Connection.js:88:28)
    at Socket.emit (events.js:117:20)
    at _stream_readable.js:943:16
    at process._tickCallback (node.js:419:13)

Error: Connection lost: The server closed the connection.
    at Protocol.end (/home/ec2-user/OWLSBREW/DASHBOARD_FINAL/node_modules/mysql/lib/protocol/Protocol.js:103:13)
    at Socket.<anonymous> (/home/ec2-user/OWLSBREW/DASHBOARD_FINAL/node_modules/mysql/lib/Connection.js:88:28)
    at Socket.emit (events.js:117:20)
    at _stream_readable.js:943:16
    at process._tickCallback (node.js:419:13)

Error: Connection lost: The server closed the connection.
    at Protocol.end (/home/ec2-user/OWLSBREW/DASHBOARD_FINAL/node_modules/mysql/lib/protocol/Protocol.js:103:13)
    at Socket.<anonymous> (/home/ec2-user/OWLSBREW/DASHBOARD_FINAL/node_modules/mysql/lib/Connection.js:88:28)
    at Socket.emit (events.js:117:20)
    at _stream_readable.js:943:16
    at process._tickCallback (node.js:419:13)

Error: Connection lost: The server closed the connection.
    at Protocol.end (/home/ec2-user/OWLSBREW/DASHBOARD_FINAL/node_modules/mysql/lib/protocol/Protocol.js:103:13)
    at Socket.<anonymous> (/home/ec2-user/OWLSBREW/DASHBOARD_FINAL/node_modules/mysql/lib/Connection.js:88:28)
    at Socket.emit (events.js:117:20)
    at _stream_readable.js:943:16
    at process._tickCallback (node.js:419:13)

Error: Connection lost: The server closed the connection.
    at Protocol.end (/home/ec2-user/OWLSBREW/DASHBOARD_FINAL/node_modules/mysql/lib/protocol/Protocol.js:103:13)
    at Socket.<anonymous> (/home/ec2-user/OWLSBREW/DASHBOARD_FINAL/node_modules/mysql/lib/Connection.js:88:28)
    at Socket.emit (events.js:117:20)
    at _stream_readable.js:943:16
    at process._tickCallback (node.js:419:13)

Error: Connection lost: The server closed the connection.
    at Protocol.end (/home/ec2-user/OWLSBREW/DASHBOARD_FINAL/node_modules/mysql/lib/protocol/Protocol.js:103:13)
    at Socket.<anonymous> (/home/ec2-user/OWLSBREW/DASHBOARD_FINAL/node_modules/mysql/lib/Connection.js:88:28)
    at Socket.emit (events.js:117:20)
    at _stream_readable.js:943:16
    at process._tickCallback (node.js:419:13)
Deprecation warning: moment construction falls back to js Date. This is discouraged and will be removed in upcoming major release. Please refer to https://github.com/moment/moment/issues/1407 for more info.

Error: Connection lost: The server closed the connection.
    at Protocol.end (/home/ec2-user/OWLSBREW/DASHBOARD_FINAL/node_modules/mysql/lib/protocol/Protocol.js:103:13)
    at Socket.<anonymous> (/home/ec2-user/OWLSBREW/DASHBOARD_FINAL/node_modules/mysql/lib/Connection.js:88:28)
    at Socket.emit (events.js:117:20)
    at _stream_readable.js:943:16
    at process._tickCallback (node.js:419:13)

Error: Connection lost: The server closed the connection.
    at Protocol.end (/home/ec2-user/OWLSBREW/DASHBOARD_FINAL/node_modules/mysql/lib/protocol/Protocol.js:103:13)
    at Socket.<anonymous> (/home/ec2-user/OWLSBREW/DASHBOARD_FINAL/node_modules/mysql/lib/Connection.js:88:28)
    at Socket.emit (events.js:117:20)
    at _stream_readable.js:943:16
    at process._tickCallback (node.js:419:13)
Deprecation warning: moment construction falls back to js Date. This is discouraged and will be removed in upcoming major release. Please refer to https://github.com/moment/moment/issues/1407 for more info.

Error: Connection lost: The server closed the connection.
    at Protocol.end (/home/ec2-user/OWLSBREW/DASHBOARD_FINAL/node_modules/mysql/lib/protocol/Protocol.js:103:13)
    at Socket.<anonymous> (/home/ec2-user/OWLSBREW/DASHBOARD_FINAL/node_modules/mysql/lib/Connection.js:88:28)
    at Socket.emit (events.js:117:20)
    at _stream_readable.js:943:16
    at process._tickCallback (node.js:419:13)

Error: Connection lost: The server closed the connection.
    at Protocol.end (/home/ec2-user/OWLSBREW/DASHBOARD_FINAL/node_modules/mysql/lib/protocol/Protocol.js:103:13)
    at Socket.<anonymous> (/home/ec2-user/OWLSBREW/DASHBOARD_FINAL/node_modules/mysql/lib/Connection.js:88:28)
    at Socket.emit (events.js:117:20)
    at _stream_readable.js:943:16
    at process._tickCallback (node.js:419:13)
Deprecation warning: moment construction falls back to js Date. This is discouraged and will be removed in upcoming major release. Please refer to https://github.com/moment/moment/issues/1407 for more info.

Error: Connection lost: The server closed the connection.
    at Protocol.end (/home/ec2-user/OWLSBREW/DASHBOARD_FINAL/node_modules/mysql/lib/protocol/Protocol.js:103:13)
    at Socket.<anonymous> (/home/ec2-user/OWLSBREW/DASHBOARD_FINAL/node_modules/mysql/lib/Connection.js:88:28)
    at Socket.emit (events.js:117:20)
    at _stream_readable.js:943:16
    at process._tickCallback (node.js:419:13)

Error: Connection lost: The server closed the connection.
    at Protocol.end (/home/ec2-user/OWLSBREW/DASHBOARD_FINAL/node_modules/mysql/lib/protocol/Protocol.js:103:13)
    at Socket.<anonymous> (/home/ec2-user/OWLSBREW/DASHBOARD_FINAL/node_modules/mysql/lib/Connection.js:88:28)
    at Socket.emit (events.js:117:20)
    at _stream_readable.js:943:16
    at process._tickCallback (node.js:419:13)

Error: Connection lost: The server closed the connection.
    at Protocol.end (/home/ec2-user/OWLSBREW/DASHBOARD_FINAL/node_modules/mysql/lib/protocol/Protocol.js:103:13)
    at Socket.<anonymous> (/home/ec2-user/OWLSBREW/DASHBOARD_FINAL/node_modules/mysql/lib/Connection.js:88:28)
    at Socket.emit (events.js:117:20)
    at _stream_readable.js:943:16
    at process._tickCallback (node.js:419:13)

Error: Connection lost: The server closed the connection.
    at Protocol.end (/home/ec2-user/OWLSBREW/DASHBOARD_FINAL/node_modules/mysql/lib/protocol/Protocol.js:103:13)
    at Socket.<anonymous> (/home/ec2-user/OWLSBREW/DASHBOARD_FINAL/node_modules/mysql/lib/Connection.js:88:28)
    at Socket.emit (events.js:117:20)
    at _stream_readable.js:943:16
    at process._tickCallback (node.js:419:13)

Error: Connection lost: The server closed the connection.
    at Protocol.end (/home/ec2-user/OWLSBREW/DASHBOARD_FINAL/node_modules/mysql/lib/protocol/Protocol.js:103:13)
    at Socket.<anonymous> (/home/ec2-user/OWLSBREW/DASHBOARD_FINAL/node_modules/mysql/lib/Connection.js:88:28)
    at Socket.emit (events.js:117:20)
    at _stream_readable.js:943:16
    at process._tickCallback (node.js:419:13)

Error: Connection lost: The server closed the connection.
    at Protocol.end (/home/ec2-user/OWLSBREW/DASHBOARD_FINAL/node_modules/mysql/lib/protocol/Protocol.js:103:13)
    at Socket.<anonymous> (/home/ec2-user/OWLSBREW/DASHBOARD_FINAL/node_modules/mysql/lib/Connection.js:88:28)
    at Socket.emit (events.js:117:20)
    at _stream_readable.js:943:16
    at process._tickCallback (node.js:419:13)

Error: Connection lost: The server closed the connection.
    at Protocol.end (/home/ec2-user/OWLSBREW/DASHBOARD_FINAL/node_modules/mysql/lib/protocol/Protocol.js:103:13)
    at Socket.<anonymous> (/home/ec2-user/OWLSBREW/DASHBOARD_FINAL/node_modules/mysql/lib/Connection.js:88:28)
    at Socket.emit (events.js:117:20)
    at _stream_readable.js:943:16
    at process._tickCallback (node.js:419:13)
Deprecation warning: moment construction falls back to js Date. This is discouraged and will be removed in upcoming major release. Please refer to https://github.com/moment/moment/issues/1407 for more info.
